<?xml version="1.0" encoding="UTF-8"?>
<testng-results skipped="0" failed="0" ignored="0" total="2" passed="2">
  <reporter-output>
  </reporter-output>
  <suite name="Command line suite" duration-ms="75" started-at="2019-04-03T07:23:10Z" finished-at="2019-04-03T07:23:10Z">
    <groups>
    </groups>
    <test name="Command line test" duration-ms="75" started-at="2019-04-03T07:23:10Z" finished-at="2019-04-03T07:23:10Z">
      <class name="testJavaPrograms.Addition_TestCase">
        <test-method status="PASS" signature="additionTestCase()[pri:0, instance:testJavaPrograms.Addition_TestCase@6fadae5d]" name="additionTestCase" duration-ms="14" started-at="2019-04-03T07:23:10Z" finished-at="2019-04-03T07:23:10Z">
          <reporter-output>
          </reporter-output>
        </test-method> <!-- additionTestCase -->
      </class> <!-- testJavaPrograms.Addition_TestCase -->
      <class name="testJavaPrograms.Factorial_TestCase">
        <test-method status="PASS" signature="factorialTestCase()[pri:0, instance:testJavaPrograms.Factorial_TestCase@17f6480]" name="factorialTestCase" duration-ms="1" started-at="2019-04-03T07:23:10Z" finished-at="2019-04-03T07:23:10Z">
          <reporter-output>
          </reporter-output>
        </test-method> <!-- factorialTestCase -->
      </class> <!-- testJavaPrograms.Factorial_TestCase -->
    </test> <!-- Command line test -->
  </suite> <!-- Command line suite -->
</testng-results>
