<?xml version="1.0" encoding="UTF-8"?>
<testng-results skipped="0" failed="0" ignored="0" total="1" passed="1">
  <reporter-output>
  </reporter-output>
  <suite name="Suite" duration-ms="101" started-at="2019-04-03T07:21:46Z" finished-at="2019-04-03T07:21:46Z">
    <groups>
    </groups>
    <test name="Test" duration-ms="101" started-at="2019-04-03T07:21:46Z" finished-at="2019-04-03T07:21:46Z">
      <class name="testJavaPrograms.Factorial_TestCase">
        <test-method status="PASS" signature="factorialTestCase()[pri:0, instance:testJavaPrograms.Factorial_TestCase@55f3ddb1]" name="factorialTestCase" duration-ms="22" started-at="2019-04-03T07:21:46Z" finished-at="2019-04-03T07:21:46Z">
          <reporter-output>
          </reporter-output>
        </test-method> <!-- factorialTestCase -->
      </class> <!-- testJavaPrograms.Factorial_TestCase -->
    </test> <!-- Test -->
  </suite> <!-- Suite -->
</testng-results>
